Determining if the pthread_create exist failed with the following output:
Change Dir: /home/zhu/aubo_ws/build/CMakeFiles/CMakeTmp

Run Build Command:"/usr/bin/make" "cmTC_7fadd/fast"
/usr/bin/make -f CMakeFiles/cmTC_7fadd.dir/build.make CMakeFiles/cmTC_7fadd.dir/build
make[1]: Entering directory '/home/zhu/aubo_ws/build/CMakeFiles/CMakeTmp'
Building C object CMakeFiles/cmTC_7fadd.dir/CheckSymbolExists.c.o
/usr/bin/cc    -o CMakeFiles/cmTC_7fadd.dir/CheckSymbolExists.c.o   -c /home/zhu/aubo_ws/build/CMakeFiles/CMakeTmp/CheckSymbolExists.c
Linking C executable cmTC_7fadd
/usr/bin/cmake -E cmake_link_script CMakeFiles/cmTC_7fadd.dir/link.txt --verbose=1
/usr/bin/cc      -rdynamic CMakeFiles/cmTC_7fadd.dir/CheckSymbolExists.c.o  -o cmTC_7fadd 
CMakeFiles/cmTC_7fadd.dir/CheckSymbolExists.c.o: In function `main':
CheckSymbolExists.c:(.text+0x1b): undefined reference to `pthread_create'
collect2: error: ld returned 1 exit status
CMakeFiles/cmTC_7fadd.dir/build.make:97: recipe for target 'cmTC_7fadd' failed
make[1]: *** [cmTC_7fadd] Error 1
make[1]: Leaving directory '/home/zhu/aubo_ws/build/CMakeFiles/CMakeTmp'
Makefile:126: recipe for target 'cmTC_7fadd/fast' failed
make: *** [cmTC_7fadd/fast] Error 2

File /home/zhu/aubo_ws/build/CMakeFiles/CMakeTmp/CheckSymbolExists.c:
/* */
#include <pthread.h>

int main(int argc, char** argv)
{
  (void)argv;
#ifndef pthread_create
  return ((int*)(&pthread_create))[argc];
#else
  (void)argc;
  return 0;
#endif
}

Determining if the function pthread_create exists in the pthreads failed with the following output:
Change Dir: /home/zhu/aubo_ws/build/CMakeFiles/CMakeTmp

Run Build Command:"/usr/bin/make" "cmTC_21173/fast"
/usr/bin/make -f CMakeFiles/cmTC_21173.dir/build.make CMakeFiles/cmTC_21173.dir/build
make[1]: Entering directory '/home/zhu/aubo_ws/build/CMakeFiles/CMakeTmp'
Building C object CMakeFiles/cmTC_21173.dir/CheckFunctionExists.c.o
/usr/bin/cc   -DCHECK_FUNCTION_EXISTS=pthread_create   -o CMakeFiles/cmTC_21173.dir/CheckFunctionExists.c.o   -c /usr/share/cmake-3.10/Modules/CheckFunctionExists.c
Linking C executable cmTC_21173
/usr/bin/cmake -E cmake_link_script CMakeFiles/cmTC_21173.dir/link.txt --verbose=1
/usr/bin/cc  -DCHECK_FUNCTION_EXISTS=pthread_create    -rdynamic CMakeFiles/cmTC_21173.dir/CheckFunctionExists.c.o  -o cmTC_21173 -lpthreads 
/usr/bin/ld: cannot find -lpthreads
collect2: error: ld returned 1 exit status
CMakeFiles/cmTC_21173.dir/build.make:97: recipe for target 'cmTC_21173' failed
make[1]: *** [cmTC_21173] Error 1
make[1]: Leaving directory '/home/zhu/aubo_ws/build/CMakeFiles/CMakeTmp'
Makefile:126: recipe for target 'cmTC_21173/fast' failed
make: *** [cmTC_21173/fast] Error 2


